[debug] [2021-03-23T17:52:02.477Z] ----------------------------------------------------------------------
[debug] [2021-03-23T17:52:02.478Z] Command:       C:\Program Files\nodejs\node.exe C:\Users\Janus\AppData\Roaming\npm\node_modules\firebase-tools\lib\bin\firebase.js init hosting
[debug] [2021-03-23T17:52:02.479Z] CLI Version:   9.6.1
[debug] [2021-03-23T17:52:02.479Z] Platform:      win32
[debug] [2021-03-23T17:52:02.479Z] Node Version:  v14.15.5
[debug] [2021-03-23T17:52:02.479Z] Time:          Tue Mar 23 2021 12:52:02 GMT-0500 (hora estándar de Colombia)
[debug] [2021-03-23T17:52:02.480Z] ----------------------------------------------------------------------
[debug] [2021-03-23T17:52:02.480Z] 
[debug] [2021-03-23T17:52:02.484Z] > command requires scopes: ["email","openid","https://www.googleapis.com/auth/cloudplatformprojects.readonly","https://www.googleapis.com/auth/firebase","https://www.googleapis.com/auth/cloud-platform"]
[debug] [2021-03-23T17:52:02.485Z] > authorizing via signed-in user
[info] 
     ######## #### ########  ######## ########     ###     ######  ########
     ##        ##  ##     ## ##       ##     ##  ##   ##  ##       ##
     ######    ##  ########  ######   ########  #########  ######  ######
     ##        ##  ##    ##  ##       ##     ## ##     ##       ## ##
     ##       #### ##     ## ######## ########  ##     ##  ######  ########

You're about to initialize a Firebase project in this directory:

  C:\Users\Janus\Desktop\Full-Stack\ReactJS\producthuntnext

[info] 
=== Project Setup
[info] 
[info] First, let's associate this project directory with a Firebase project.
[info] You can create multiple project aliases by running firebase use --add, 
[info] but for now we'll just set up a default project.
[info] 
[debug] [2021-03-23T17:52:44.776Z] >>> [apiv2][query] GET https://firebase.googleapis.com/v1beta1/projects pageSize=100
[debug] [2021-03-23T17:52:45.212Z] <<< [apiv2][status] GET https://firebase.googleapis.com/v1beta1/projects 200
[debug] [2021-03-23T17:52:45.212Z] <<< [apiv2][body] GET https://firebase.googleapis.com/v1beta1/projects [omitted]
[info] i  Using project product-hunt-a6cff (Product Hunt) 
[info] 
=== Hosting Setup
[info] 
[info] Your public directory is the folder (relative to your project directory) that
[info] will contain Hosting assets to be uploaded with firebase deploy. If you
[info] have a build process for your assets, use your build's output directory.
[info] 
